<?xml version="1.0"?>
<project name="YAUSTOX3" default="main" basedir=".">
	<description>
        test
    </description>

	<property name="jem.job.name" value="YAUSTOX3"/>
	<property name="jem.job.environment" value="TEST-Env"/>
	<property name="jem.job.domain" value="domain"/>
	<property name="jem.job.affinity" value="classA"/>
	<!-- to refers the environment variable -->
	<property environment="env"/>
	
	<taskdef name="step-exec" classname="org.pepstock.jem.ant.tasks.StepExec" />

	<target name="main">
		<step-exec executable="cmd">
			<arg value="/c"/>
			<arg value="java"/>
			<arg value="-classpath"/>
			<arg value="C:\\helios\\workspace\\JEM\\runtime\\node\\lib\\jem.jar"/>
			<arg value="org.pepstock.test.MainExec"/>
			<arg value="-h"/>


			<dataDescription name="Ciao" sysout="true" disposition="NEW" />

			<dataDescription name="Single" disposition="SHR">
				<dataSet name="../data/cnf.xml" />
			</dataDescription>

			<dataDescription name="Multi" disposition="SHR">
				<dataSet name="cnf.xml" />
				<dataSet name="data/cnf.xml" />
			</dataDescription>

			<dataDescription name="Inline">
				<dataSet>
					Eccome qua!
					Questa Ã¨ una DD *
				</dataSet>
			</dataDescription>

			<dataDescription name="My" disposition="NEW">
				<dataSet name="@@CIAO" />
			</dataDescription>

			</step-exec>

	</target>

</project>